<?xml version="1.0" encoding="UTF-8"?>
<beans xmlns="http://www.springframework.org/schema/beans"
       xmlns:xsi="http://www.w3.org/2001/XMLSchema-instance"
       xmlns:context="http://www.springframework.org/schema/context"
       xsi:schemaLocation="http://www.springframework.org/schema/beans http://www.springframework.org/schema/beans/spring-beans.xsd http://www.springframework.org/schema/context http://www.springframework.org/schema/context/spring-context.xsd">

    <bean id="clusterWsConfig" class="uk.ac.ebi.pride.cluster.wsclient.config.ClusterWsConfigDev"/>

    <!--load property files-->
    <context:property-placeholder location="classpath:prop/cluster-ws-config.properties" ignore-unresolvable="true" order="1"/>

</beans>